         w __deregister_frame_info
         w __register_frame_info
         w userAppExit
         w userAppInit
00000000 00000802 B __ctru_dev_utf16_buf
00000000 a shift
00000000 a shift
00000000 A __sync_synchronize
00000000 b _TLS_MODULE_BASE_
00000804 00000401 B __ctru_dev_path_buf
00100000 A __start__
00100000 T _start
00100008 T __service_ptr
0010000c T __apt_appid
00100010 T __heap_size
00100014 T __linear_heap_size
00100018 T __system_arglist
0010001c T __system_runflags
00100020 t startup
00100058 t ClearMem
0010006c t ClrLoop
00100094 T _init
001000ac T __aeabi_uidiv
001000ac 000001ec T __udivsi3
001000ac t .udivsi3_skip_div0_test
00100298 00000020 T __aeabi_uidivmod
001002b8 T __aeabi_idiv
001002b8 00000220 T __divsi3
001002c0 t .divsi3_skip_div0_test
001004d8 00000020 T __aeabi_idivmod
001004f8 00000004 W __aeabi_idiv0
001004f8 00000004 W __aeabi_ldiv0
001004fc T __aeabi_drsub
00100504 000002b0 T __aeabi_dsub
00100504 000002b0 T __subdf3
00100508 000002ac T __adddf3
00100508 000002ac T __aeabi_dadd
001007b4 00000024 T __aeabi_ui2d
001007b4 00000024 T __floatunsidf
001007d8 00000028 T __aeabi_i2d
001007d8 00000028 T __floatsidf
00100800 00000048 T __aeabi_f2d
00100800 00000048 T __extendsfdf2
00100848 00000074 T __aeabi_ul2d
00100848 00000074 T __floatundidf
0010085c 00000060 T __aeabi_l2d
0010085c 00000060 T __floatdidf
001008bc T __aeabi_ldivmod
001009a8 00000390 T strcmp
00100d30 t __do_global_dtors_aux
00100d80 t frame_dummy
00100dac 000002ec T audioInitWav
00101098 00000164 T drawIntroTextAnimated
00101200 0000036c T main
0010156c 00000044 t C2Di_FrameEndHook
001015b0 00000368 T C2D_Init
00101918 0000004c T C2D_Fini
00101964 000000bc T C2D_Prepare
00101a20 00000048 T C2D_Flush
00101a68 000000fc T C2D_SceneSize
00101b64 00000060 T C2D_CreateScreenTarget
00101bc4 00000060 T C2D_TargetClear
00101c24 0000014c T C2Di_CalcQuad
00101d70 00000054 T C2Di_AppendQuad
00101dc4 00000040 T C2Di_AppendVtx
00101e04 00000738 T C2Di_Update
0010253c 000002e8 T C2D_DrawImage
00102824 00000040 T C2D_FontFree
00102864 000000f8 t C2Di_PostLoadFont
0010295c 000000b8 T C2D_FontLoadFromHandle
00102a14 00000048 T C2D_FontLoad
00102a5c 00000050 T C2D_FontGlyphIndexFromCodePoint
00102aac 00000074 T C2D_FontCalcGlyphPos
00102b20 00000068 T C2D_SpriteSheetLoadFromHandle
00102b88 00000048 T C2D_SpriteSheetLoad
00102bd0 00000028 T C2D_SpriteSheetFree
00102bf8 00000028 T C2D_SpriteSheetGetImage
00102c20 00000018 t C2Di_GlyphComp
00102c38 00000180 t C2Di_CalcLineWidths
00102db8 000001d0 T C2D_TextBufNew
00102f88 00000004 T C2D_TextBufDelete
00102f8c 0000000c T C2D_TextBufClear
00102f98 000001c4 T C2D_TextFontParseLine
0010315c 000000a4 T C2D_TextFontParse
00103200 00000030 T C2D_TextOptimize
00103230 00000fdc T C2D_DrawText
0010420c 00000028 T AttrInfo_Init
00104234 00000094 T AttrInfo_AddLoader
001042c8 00000054 T C3D_SetAttrInfo
0010431c 00000080 T C3Di_AttrInfoBind
0010439c 00000004 W C3Di_LightEnvUpdate
001043a0 00000004 W C3Di_LightEnvDirty
001043a4 000000b4 t C3Di_AptEventHook
00104458 00000004 W C3Di_GasUpdate
0010445c 000001d0 T C3D_Init
0010462c 00000098 T C3D_SetViewport
001046c4 0000004c T C3D_SetScissor
00104710 000004e8 T C3Di_UpdateContext
00104bf8 000000e0 T C3Di_SplitFrame
00104cd8 00000044 T C3D_Fini
00104d1c 00000194 T C3D_BindProgram
00104eb0 00000024 T BufInfo_Init
00104ed4 00000080 T BufInfo_Add
00104f54 0000003c T C3D_SetBufInfo
00104f90 00000048 T C3Di_BufInfoBind
00104fd8 0000021c T C3D_DrawElements
001051f4 00000040 T C3D_DepthMap
00105234 0000001c T C3D_CullFace
00105250 00000040 T C3D_StencilTest
00105290 00000024 T C3D_StencilOp
001052b4 0000001c T C3D_BlendingColor
001052d0 00000024 T C3D_EarlyDepthTest
001052f4 0000002c T C3D_DepthTest
00105320 0000002c T C3D_AlphaTest
0010534c 00000050 T C3D_AlphaBlend
0010539c 00000030 T C3D_FragOpMode
001053cc 00000044 T C3D_FragOpShadow
00105410 000001ac T C3Di_EffectBind
001055bc 0000001c T C3D_CalcColorBufSize
001055d8 0000001c T C3D_CalcDepthBufSize
001055f4 00000044 T C3D_SetFrameBuf
00105638 0000016c T C3Di_FrameBufBind
001057a4 000000c8 T C3D_FrameBufClear
0010586c 00000044 T C3D_FrameBufTransfer
001058b0 000000a8 T C3D_ImmSendAttrib
00105958 00000070 T C3D_ProcTexInit
001059c8 00000054 T C3D_ProcTexBind
00105a1c 0000005c T C3D_ProcTexLutBind
00105a78 000000a4 T ProcTexLut_FromArray
00105b1c 00000178 T C3Di_ProcTexUpdate
00105c94 00000068 T C3Di_ProcTexDirty
00105cfc 0000004c t onVBlank0
00105d48 0000004c t onVBlank1
00105d94 00000080 t C3Di_RenderTargetDestroy
00105e14 000000f4 t onQueueFinish
00105f08 00000038 T C3Di_RenderQueueEnableVBlank
00105f40 00000030 T C3Di_RenderQueueDisableVBlank
00105f70 00000060 T C3Di_RenderQueueInit
00105fd0 000000b4 T C3Di_RenderQueueExit
00106084 00000034 T C3Di_RenderQueueWaitDone
001060b8 000000e8 T C3D_FrameBegin
001061a0 00000048 T C3D_FrameDrawOn
001061e8 00000058 T C3D_FrameSplit
00106240 000001d0 T C3D_FrameEnd
00106410 0000001c T C3D_FrameEndHook
0010642c 00000170 T C3D_RenderTargetCreate
0010659c 000000a8 T C3D_RenderTargetSetOutput
00106644 000000fc T C3D_SyncTextureCopy
00106740 000003d8 t Tex3DSi_ImportCommon
00106b18 00000038 T Tex3DS_TextureImportStdio
00106b50 0000001c T Tex3DS_GetSubTexture
00106b6c 00000004 T Tex3DS_TextureFree
00106b70 00000034 T C3D_GetTexEnv
00106ba4 00000024 T C3Di_TexEnvBind
00106bc8 00000290 T C3D_TexInitWithParams
00106e58 000000c8 T C3D_TexLoadImage
00106f20 00000044 T C3D_TexBind
00106f64 00000074 T C3D_TexDelete
00106fd8 0000014c T C3Di_SetTex
00107124 00000290 T C3D_UpdateUniforms
001073b4 000000c0 T C3Di_DirtyUniforms
00107474 000000d8 T C3Di_LoadShaderUniforms
0010754c 00000028 T C3Di_ClearShaderUniforms
00107574 000000cc T Mtx_Ortho
00107640 000000cc T Mtx_OrthoTilt
0010770c 00000024 t addrMapNodeComparator(rbtree_node const*, rbtree_node const*)
00107730 00000004 t addrMapNodeDestructor(rbtree_node*)
00107734 0000012c T linearMemAlign
00107860 00000008 T linearAlloc
00107868 0000005c T linearFree
001078c4 00000088 T MemPool::CoalesceRight(MemBlock*)
0010794c 00000178 T MemPool::Allocate(MemChunk&, unsigned long, int)
00107ac4 00000118 T MemPool::Deallocate(MemChunk const&)
00107bdc 00000030 T MemPool::GetFreeSpace()
00107c0c 00000024 t addrMapNodeComparator(rbtree_node const*, rbtree_node const*)
00107c30 00000004 t addrMapNodeDestructor(rbtree_node*)
00107c34 00000248 T vramMemAlignAt
00107e7c 0000000c T vramAlloc
00107e88 0000000c T vramAllocAt
00107e94 00000094 T vramFree
00107f28 000001c8 T consoleDrawChar
001080f0 00000170 T consolePrintChar
00108260 00000cc8 T con_write
00108f28 000000fc t newRow
00109024 00000180 T consoleInit
001091a4 0000009c T fontEnsureMapped
00109240 0000007c T fontFixPointers
001092bc 00000100 T fontGlyphIndexFromCodePoint
001093bc 00000214 T fontCalcGlyphPos
001095d0 000000cc t gfxPresentFramebuffer
0010969c 0000001c T gfxIsWide
001096b8 000000f8 T gfxSetScreenFormat
001097b0 00000010 T gfxSetDoubleBuffering
001097c0 000000d8 T gfxInit
00109898 00000010 T gfxInitDefault
001098a8 000000b8 T gfxExit
00109960 000000a0 T gfxGetFramebuffer
00109a00 00000100 T gfxFlushBuffers
00109b00 00000028 T gfxScreenSwapBuffers
00109b28 00000050 T gfxSwapBuffersGpu
00109b78 00000074 T osConvertVirtToPhys
00109bec 00000054 T osGetTimeRef
00109c40 000000ec T osGetTime
00109d2c 00000034 T __ctru_speedup_config
00109d60 00000008 t romfs_close
00109d68 000000ac t romfs_seek
00109e14 00000024 t romfs_dirreset
00109e38 000000c0 t fill_dir
00109ef8 000002ac t romfs_dirnext
0010a1a4 00000074 t romfs_free
0010a218 000000d0 t searchForFile.constprop.0
0010a2e8 000000d4 t searchForDir.constprop.0
0010a3bc 000001c0 t navigateToDir.constprop.0
0010a57c 00000114 t romfs_open
0010a690 0000004c t romfs_chdir
0010a6dc 00000068 t romfs_diropen
0010a744 00000178 t romfs_stat
0010a8bc 00000008 t romfs_dirclose
0010a8c8 0000007c t romfs_fstat
0010a944 000000d0 t romfs_read
0010aa14 00000294 T romfsMountFromFile
0010aca8 00000098 T romfsMountFromCurrentProcess
0010ad40 00000258 T romfsMountSelf
0010af98 000000a0 T romfsUnmount
0010b038 0000013c T GPUCMD_Add
0010b174 000000b0 T GPUCMD_Split
0010b224 00000034 T f32tof16
0010b258 00000034 T f32tof24
0010b28c 00000038 T f32tof31
0010b2c4 00000010 T GX_BindQueue
0010b2d4 0000007c T GX_ProcessCommandList
0010b350 00000074 T GX_MemoryFill
0010b3c4 00000074 T GX_DisplayTransfer
0010b438 00000078 T GX_TextureCopy
0010b4b0 00000064 t gxCmdQueueDoCommands.part.0
0010b514 000000e4 T gxCmdQueueInterrupt
0010b5f8 00000068 T gxCmdQueueClear
0010b660 00000108 T gxCmdQueueAdd
0010b768 00000080 T gxCmdQueueRun
0010b7e8 00000064 T gxCmdQueueStop
0010b84c 000000ac T gxCmdQueueWait
0010b8f8 000001e0 T shaderInstanceInit
0010bad8 00000018 T shaderInstanceGetUniformLocation
0010baf0 0000001c T shaderProgramInit
0010bb0c 00000074 T shaderProgramFree
0010bb80 00000094 T shaderProgramSetVsh
0010bc14 000008d0 T shaderProgramConfigure
0010c4e4 000001dc t DVLE_GenerateOutmap.part.0
0010c6c0 000001ac T DVLB_ParseFile
0010c86c 00000050 T DVLB_Free
0010c8bc 00000074 T DVLE_GetUniformRegister
0010c930 00000158 t ndspUpdateMaster
0010ca88 00000108 t ndspFinalize
0010cb90 0000025c t ndspInitialize.part.0
0010cdec 00000108 t ndspHookCallback
0010cef8 00000318 t ndspThreadMain
0010d210 000003f0 T ndspInit
0010d600 000000d8 T ndspExit
0010d6d8 00000034 T ndspSetOutputMode
0010d70c 000000e0 T ndspChnReset
0010d7ec 00000018 T ndspChnSetFormat
0010d804 00000050 T ndspChnSetInterp
0010d854 00000060 T ndspChnSetRate
0010d8b4 00000080 T ndspChnSetMix
0010d934 000000c8 T ndspChnWaveBufAdd
0010d9fc 00000040 T ndspiInitChn
0010da3c 0000002c T ndspiDirtyChn
0010da68 0000043c T ndspiUpdateChn
0010dea4 00000180 T ndspiReadChnState
0010e024 00000180 t aptConvertScreenForCapture
0010e1a4 00000138 T aptSendCommand
0010e2e0 00000044 t aptExitProcess
0010e324 00000394 T aptExit
0010e6b8 000000d8 T aptHandleSleep
0010e790 00000034 T aptHook
0010e7c4 00000030 T aptUnhook
0010e7f4 00000084 T APT_SleepIfShellClosed
0010e878 00000078 T aptSetSleepAllowed
0010e8f0 00000084 T APT_UnlockTransition
0010e978 00000470 t aptEventHandler
0010ede8 000000bc T APT_ReceiveParameter
0010eea4 000000b0 t aptReceiveParameter.constprop.0
0010ef58 00000294 t aptScreenTransfer
0010f1ec 000002d0 t aptWaitForWakeUp.isra.0
0010f4bc 000000f4 T aptJumpToHomeMenu
0010f5b0 00000058 T aptMainLoop
0010f608 00000240 T aptInit
0010f848 00000090 T APT_CheckNew3DS
0010f8d8 00000048 T APT_GetSharedFont
0010f920 000000a8 T cfguInit
0010f9c8 0000003c T cfguExit
0010fa04 0000004c T CFGU_GetConfigInfoBlk2
0010fa50 000000a4 t DSP_LoadComponent.part.0
0010faf4 000000fc T dspInit
0010fbf0 0000008c T dspExit
0010fc7c 00000024 T dspHook
0010fca0 00000030 T dspUnhook
0010fcd0 000000b4 T aptDspSleep
0010fd84 000000b4 T aptDspWakeup
0010fe38 00000044 T aptDspCancel
0010fe7c 00000050 T DSP_FlushDataCache
0010fecc 00000034 T DSP_SetSemaphore
0010ff00 00000034 T DSP_SetSemaphoreMask
0010ff34 00000038 T DSP_GetSemaphoreHandle
0010ff6c 0000003c T DSP_LoadComponent
0010ffa8 00000044 T DSP_RegisterInterruptEvents
0010ffec 00000078 T DSP_ReadPipeIfPossible
00110064 0000004c T DSP_WriteProcessPipe
001100b0 00000044 T DSP_ConvertProcessAddressFromDspDram
001100f4 00000044 T DSP_RecvData
00110138 00000050 T DSP_RecvDataIsReady
00110188 00000104 T fsInit
0011028c 0000003c T fsExit
001102c8 00000068 T fsExemptFromSession
00110330 00000050 T fsUnexemptFromSession
00110380 000000cc T FSUSER_OpenFile
0011044c 000000cc T FSUSER_OpenFileDirectly
00110518 000000b8 T FSUSER_DeleteFile
001105d0 000000f4 T FSUSER_RenameFile
001106c4 000000b8 T FSUSER_DeleteDirectory
0011077c 000000d0 T FSUSER_CreateFile
0011084c 000000c0 T FSUSER_CreateDirectory
0011090c 000000f4 T FSUSER_RenameDirectory
00110a00 000000b4 T FSUSER_OpenDirectory
00110ab4 00000090 T FSUSER_OpenArchive
00110b44 0000008c T FSUSER_CloseArchive
00110bd0 00000074 T FSUSER_GetSdmcArchiveResource
00110c44 00000064 T FSUSER_IsSdmcWritable
00110ca8 00000064 T FSFILE_Read
00110d0c 0000006c T FSFILE_Write
00110d78 00000044 T FSFILE_GetSize
00110dbc 00000028 T FSFILE_SetSize
00110de4 0000003c T FSFILE_Close
00110e20 00000024 T FSFILE_Flush
00110e44 00000060 T FSDIR_Read
00110ea4 0000003c T FSDIR_Close
00110ee0 00000c70 t gspHardwareInit
00111b50 00000288 T gspInit
00111dd8 00000104 T gspExit
00111edc 00000010 T gspHasGpuRight
00111eec 000000a4 T gspPresentBuffer
00111f90 00000030 T gspSetEventCallback
00111fc0 00000050 T gspWaitForEvent
00112010 0000004c T gspWaitForAnyEvent
0011205c 00000154 t gspEventThreadMain
001121b0 0000012c T gspSubmitGxCommand
001122dc 00000050 T GSPGPU_FlushDataCache
0011232c 00000034 T GSPGPU_SetLcdForceBlack
00112360 00000084 T GSPGPU_AcquireRight
001123e4 00000064 T GSPGPU_ReleaseRight
00112448 0000007c T GSPGPU_ImportDisplayCaptureInfo
001124c4 0000002c T GSPGPU_SaveVramSysArea
001124f0 0000002c T GSPGPU_RestoreVramSysArea
0011251c 00000024 W hidShouldUseIrrst
00112540 000001cc T hidInit
0011270c 000000e8 T hidExit
001127f4 000002a0 T hidScanInput
00112a94 00000010 T hidKeysDown
00112aa4 000001a4 T irrstInit
00112c48 000000dc T irrstExit
00112d24 000000b4 T irrstScanInput
00112dd8 00000024 T irrstKeysHeld
00112dfc 00000078 T ptmSysmInit
00112e74 0000003c T ptmSysmExit
00112eb0 00000034 T PTMSYSM_ConfigureNew3DSCPU
00112ee4 000000e0 t buffer_read
00112fc4 000000cc t iov_read
00113090 00000164 t iov_memmove
001131f4 000001e0 t decompress_rle
001133d4 00000264 t decompress_lzss
00113638 00000418 t decompress_lz11
00113a50 0000033c t decompress_huff.isra.0
00113d8c 00000010 T decompressCallback_Stdio
00113d9c 000000e4 T decompressHeader
00113e80 0000021c T decompressV
0011409c 00000074 T rbtree_find
00114110 00000010 T rbtree_init
00114120 00000198 t do_insert
001142b8 00000008 T rbtree_insert
001142c0 00000310 T rbtree_remove
001145d0 00000090 T rbtree_rotate
00114660 00000140 T decode_utf8
001147a0 000000e8 T utf16_to_utf8
00114888 000000c0 T utf8_to_utf16
00114948 000001e8 W __system_allocateHeaps
00114b30 00000038 W __libctru_init
00114b68 0000016c W __system_initArgv
00114cd4 00000030 T __syscall_getreent
00114d04 00000064 T __syscall_gettod_r
00114d68 00000004 T __syscall_lock_acquire
00114d6c 00000004 T __syscall_lock_release
00114d70 00000004 T __syscall_lock_acquire_recursive
00114d74 00000004 T __syscall_lock_release_recursive
00114d78 00000004 T __syscall_exit
00114d7c 00000054 T initThreadVars
00114dd0 00000080 T __system_initSyscalls
00114e50 T svcControlMemory
00114e70 T svcQueryMemory
00114ea0 T svcExitProcess
00114ea8 T svcCreateThread
00114ec8 T svcExitThread
00114ed0 T svcSleepThread
00114ed8 T svcReleaseMutex
00114ee0 T svcCreateEvent
00114ef4 T svcSignalEvent
00114efc T svcClearEvent
00114f04 T svcMapMemoryBlock
00114f0c T svcUnmapMemoryBlock
00114f14 T svcCreateAddressArbiter
00114f28 T svcArbitrateAddressNoTimeout
00114f30 T svcCloseHandle
00114f38 T svcWaitSynchronization
00114f40 T svcWaitSynchronizationN
00114f68 T svcDuplicateHandle
00114f7c T svcGetSystemTick
00114f84 T svcConnectToPort
00114f98 T svcSendSyncRequest
00114fa0 T svcGetResourceLimit
00114fb4 T svcGetResourceLimitLimitValues
00114fbc T svcGetResourceLimitCurrentValues
00114fc4 T svcBreak
00114fcc T __aeabi_read_tp
00114fd8 W initSystem
00115028 W __ctru_exit
0011503c 0000008c W envGetHandle
001150c8 00000050 W envDestroyHandles
00115118 00000164 T srvInit
0011527c 00000064 T srvExit
001152e0 00000060 T srvEnableNotification
00115340 000000a0 T srvGetServiceHandleDirect
001153e0 00000048 T srvGetServiceHandle
00115428 00000034 T srvSubscribe
0011545c 00000060 T srvReceiveNotification
001154bc 00000038 T srvPublishToSubscriber
001154f4 0000000c T __sync_init
00115500 00000018 T __sync_fini
00115518 00000028 T syncArbitrateAddress
00115540 0000001c T LightLock_Init
0011555c 000000ac T LightLock_Lock
00115608 00000040 T LightLock_Unlock
00115648 00000054 T RecursiveLock_Lock
0011569c 00000054 T RecursiveLock_Unlock
001156f0 00000044 T LightEvent_Init
00115734 000000b8 T LightEvent_Clear
001157ec 000000dc T LightEvent_Signal
001158c8 00000050 T LightEvent_TryWait
00115918 000000ac T LightEvent_Wait
001159c4 000001fc T threadCreate
00115bc0 00000038 T threadFree
00115bf8 00000024 T threadJoin
00115c1c 00000030 T threadGetCurrent
00115c4c 00000040 T threadExit
00115c8c 00000020 t _thread_begin
00115cac 00000090 t mappableFindAddressWithin
00115d3c 00000028 T mappableInit
00115d64 0000007c T mappableAlloc
00115de0 00000004 T mappableFree
00115de4 0000000c T srvPmGetSessionHandle
00115df0 00000060 T rbtree_node_next
00115e50 00000054 T decode_utf16
00115ea4 00000054 T encode_utf16
00115ef8 000000e0 T encode_utf8
00115fd8 00000030 W __appExit
00116008 00000030 W __appInit
00116038 00000090 W __libctru_exit
001160c8 00000024 t error_cmp
001160ec 00000050 t archive_translate_error
0011613c 000000c0 t archive_seek
001161fc 00000078 t _archiveInit.part.0
00116274 00000110 t archiveFindDevice.part.0
00116384 00000298 t archive_utf16path
0011661c 00000098 t _archiveUnmountDeviceStruct.part.0
001166b4 00000178 t _archiveMountDevice
0011682c 000000f8 t archive_diropen
00116924 000000ac t archive_fstat
001169d0 00000074 t archive_fsync
00116a44 00000074 t archive_close
00116ab8 00000078 t archive_dirclose
00116b30 000000ec t sdmc_statvfs
00116c1c 000000f8 t archive_chdir
00116d14 0000008c t archive_ftruncate
00116da0 000000bc t archive_read
00116e5c 000000a8 t archive_unlink
00116f04 000000c0 t archive_rmdir
00116fc4 000000d8 t archive_mkdir
0011709c 000001a0 t archive_stat
0011723c 00000164 t archive_dirnext
001173a0 0000013c t archive_write
001174e0 00000254 t archive_open
00117734 00000270 t archive_rename
001179a4 000001c8 T archiveMountSdmc
00117b6c 00000054 T archiveUnmountAll
00117bc0 00000264 T sinf
00117e24 00000024 t with_errnof
00117e48 0000001c T __math_invalidf
00117e64 000000c0 T ceilf
00117f28 0000025c T cosf
00118184 00000130 T __udivmoddi4
001182b4 000000e4 T strncat
00118398 00000128 T memcpy
001184c0 0000008c T strlen
0011854c 00000334 T _fread_r
00118880 00000038 T fread
001188b8 00000078 T bsearch
00118930 00000134 T _fopen_r
00118a64 00000028 T fopen
00118a8c 00000028 T memalign
00118ab4 000001ec t _strtoul_l.isra.0
00118ca0 0000003c T strtoul
00118cdc 00000140 T strchr
00118e1c 000000d8 T memcmp
00118ef4 00000028 T calloc
00118f1c 0000016c T _memalign_r
00119088 0000000c T __errno
00119094 00000164 T __smakebuf_r
001191f8 00000090 T __swhatbuf_r
00119288 000000e4 T memset
0011936c 000000d8 T _calloc_r
00119444 0000022c T __sflush_r
00119670 000000c4 T _fflush_r
00119734 000008e8 T qsort
0011a01c 0000082c T _malloc_r
0011a848 00000114 T _malloc_trim_r
0011a95c 00000314 T _free_r
0011ac70 00000294 T setvbuf
0011af04 0000001c t stdio_exit_handler
0011af20 0000005c t cleanup_stdio
0011af7c 00000154 t global_stdio_init.part.0
0011b0d0 00000138 T __sfp
0011b208 0000005c T __sinit
0011b264 0000000c T __sfp_lock_acquire
0011b270 0000000c T __sfp_lock_release
0011b27c 00000084 T __libc_init_array
0011b300 000000d4 T strncpy
0011b3d4 0000001c T _fseek_r
0011b3f0 00000034 T fseek
0011b424 00000040 T malloc
0011b464 00000020 T free
0011b484 000000e0 T _puts_r
0011b564 00000020 T puts
0011b584 00000044 T __sread
0011b5c8 00000068 T __swrite
0011b630 00000040 T __sseek
0011b670 00000008 T __sclose
0011b678 000004f0 T _realloc_r
0011bb68 0000000c T __malloc_lock
0011bb74 0000000c T __malloc_unlock
0011bb80 00000588 T _fseeko_r
0011c108 00000148 T _fclose_r
0011c250 00000020 T fclose
0011c270 00000048 T time
0011c2b8 00000004 W __call_exitprocs
0011c2bc 00000030 T exit
0011c2ec 000000b8 T __sflags
0011c3a4 0000003c T __libc_fini_array
0011c3e0 0000003c T strnlen
0011c41c 000000d8 T strncmp
0011c4f4 00000038 t lflush
0011c52c 000001a8 T __srefill_r
0011c6d4 00000070 T _fwalk_sglue
0011c744 000004a4 T __sfvwrite_r
0011cbe8 000000e8 T memchr
0011ccd0 00000140 T __swsetup_r
0011ce10 000001a8 T memmove
0011cfb8 00000020 T _exit
0011cfd8 00000140 T chdir
0011d118 000001c8 T _concatenate_path
0011d2e0 0000009c T _fstat_r
0011d37c 0000002c T __getreent
0011d3a8 00000030 T _gettimeofday_r
0011d3d8 000000a0 T __release_handle
0011d478 000000b0 T __alloc_handle
0011d528 00000058 T __get_handle
0011d580 00000110 T _close_r
0011d690 00000008 t null_write
0011d698 00000018 T setDefaultDevice
0011d6b0 00000098 T FindDevice
0011d748 00000024 T RemoveDevice
0011d76c 00000088 T AddDevice
0011d7f4 00000020 T GetDeviceOpTab
0011d814 00000008 T _isatty_r
0011d81c 00000094 T _lseek_r
0011d8b0 000000c0 T _open_r
0011d970 00000094 T _read_r
0011da04 00000078 W _sbrk_r
0011da7c 0000001c T __libc_lock_acquire
0011da98 0000001c T __libc_lock_release
0011dab4 0000001c T __libc_lock_acquire_recursive
0011dad0 0000001c T __libc_lock_release_recursive
0011daec 00000094 T _write_r
0011db80 00000048 T strrchr
0011dbc8 T _fini
0011e058 00000008 r s_defaultTint.0
0011e494 R render2d_shbin
0011e620 00000004 r depthFmtSizes
0011e620 R render2d_shbin_end
0011e624 00000005 r colorFmtSizes
0011e62c 00000010 r CSWTCH.11
0011e63c 00000038 r CSWTCH.19
0011e8b8 00000080 r dotab_stdout
0011e938 00000018 r grayScale
0011e950 00000006 r colorCube
0011e958 00000030 r colorTable
0011e988 00000080 r romFS_devoptab
0011ea14 00000011 r dsp_filename.0
0011ea44 00000008 r morton_y.2
0011ea4c 00000008 r morton_x.3
0011ea54 00000008 r s_sleepWakeEvents.4
0011ea5c 0000000c r serviceNameTable.5
0011ea8c R default_font_bin
0011f28c R default_font_bin_end
0011f28c 00000030 r error_table
0011f2bc 00000080 r archive_devoptab
0011f33c 00000060 R __inv_pio4
0011f3a0 000000e0 R __sincosf_table
0011f480 00000101 R _ctype_
0011f584 00000080 R dotab_stdnull
0011f604 R __tdata_align
0011f608 r __EH_FRAME_BEGIN__
0011f608 R __exidx_end
0011f608 R __exidx_start
00120000 0000002c D introStrings
00120030 00000008 D charDelay
00120038 00000008 d framerateCounter
00120040 00000004 d framerate
00120044 00000001 d firstConsoleInit.0
00120048 00000004 D currentConsole
0012004c 00000048 D defaultConsole
00120094 00000004 d queueLock
00120098 00000004 d aptChainloadDeliverArgSize
0012009c 00000004 d kCount
001200a0 00000004 d kInterval
001200a4 00000004 d kDelay
001200a8 W __stacksize__
001200ac 00000004 D _impure_ptr
001200b0 00000200 D _impure_data
001202b0 00000004 D __malloc_sbrk_base
001202b4 00000004 D __malloc_trim_threshold
001202b8 00000408 D __malloc_av_
001206c0 0000000c D __sglue
001206cc 00000400 d _current_working_directory
00120ad0 00001000 d handles
00121ad0 0000000c d __stderr_handle
00121adc 0000000c d __stdout_handle
00121ae8 0000000c d __stdin_handle
00121af4 0000008c D devoptab_list
00121b80 00000004 d defaultDevice
00121b8c d _GLOBAL_OFFSET_TABLE_
00121b98 d __frame_dummy_init_array_entry
00121b98 D __init_array_start
00121b98 B __preinit_array_end
00121b98 B __preinit_array_start
00121b98 D __tdata_lma
00121b98 D __tdata_lma_end
00121b9c d __do_global_dtors_aux_fini_array_entry
00121b9c D __fini_array_start
00121b9c D __init_array_end
00121ba0 00000004 B audioData
00121ba0 D __bss_start__
00121ba0 D __fini_array_end
00121ba4 00000018 B waveBuf
00121bbc 00000004 B textCharIndex
00121bc0 00000008 B lastCharTime
00121bc8 00000004 B g_staticBuf
00121bcc 00000008 B font
00121bd4 00000004 b spriteSheet
00121bd8 00000898 b sprites
00122470 00000008 B slideStartTime
00122478 00000134 B g_staticText
001225b0 000005a8 B __C2Di_Context
00122b58 00000040 b s_projTop
00122b98 00000040 b s_projBot
00122bd8 00000004 b uLoc_mdlvMtx
00122bdc 00000004 b uLoc_projMtx
00122be0 00000004 b s_glyphSheets
00122be4 00000004 b s_textScale
00122be8 b completed.1
00122bec b object.0
00122c04 0000000c b hookCookie
00122c10 000002d0 B __C3D_Context
00122ee0 00000004 b frameEndCbData
00122ee4 00000004 b frameEndCb
00122ee8 00000008 b frameCounter
00122ef0 00000001 b isTopStereo
00122ef1 00000001 b needSwapBot
00122ef2 00000001 b needSwapTop
00122ef3 00000001 b measureGpuTime
00122ef4 00000001 b inSafeTransfer
00122ef5 00000001 b inFrame
00122ef8 00000010 b cpuTime
00122f08 00000010 b gpuTime
00122f18 0000000c b linkedTarget
00122f24 00000004 b lastTarget
00122f28 00000004 b firstTarget
00122f2c 00000008 b C3Di_IVUnifEverDirty
00122f34 000000c0 b C3Di_FVUnifEverDirty
00122ff4 00000018 b C3Di_ShaderFVecData
0012300c 00000002 B C3D_BoolUnifsDirty
00123010 00000008 B C3D_IVUnifDirty
00123018 000000c0 B C3D_FVUnifDirty
001230d8 00000004 B C3D_BoolUnifs
001230dc 00000020 B C3D_IVUnif
001230fc 00000c00 B C3D_FVUnif
00123d00 00000008 b sLinearPool
00123d08 0000000c b sAddrMap
00123d18 00000008 b sVramPoolB
00123d20 00000008 b sVramPoolA
00123d28 0000000c b sAddrMap
00123d34 00000064 b escapeSeq
00123d98 00000048 B currentCopy
00123de0 00000004 b sharedFontAddr
00123de4 00000004 B g_sharedFont
00123de8 00000004 b screenAlloc
00123dec 00000004 b screenFree
00123df0 00000002 b gfxIsDoubleBuf
00123df4 00000002 b gfxCurBuf
00123df6 00000001 b gfxIsVram
00123df7 00000001 b gfxTopMode
00123df8 00000002 b gfxFramebufferFormats
00123dfc 00000004 b gfxBottomFramebufferMaxSize
00123e00 00000004 b gfxTopFramebufferMaxSize
00123e08 00000008 b gfxBottomFramebuffers
00123e10 00000008 b gfxTopFramebuffers
00123e18 00000001 V __ctru_speedup
00123e1c 00000004 b romfs_mount_list
00123e20 00000004 V __romfs_path
00123e24 00000004 B gpuCmdBufOffset
00123e28 00000004 B gpuCmdBufSize
00123e2c 00000004 B gpuCmdBuf
00123e30 00000004 b boundQueue
00123e34 00000001 b shouldStop
00123e35 00000001 b isRunning
00123e36 00000001 b isActive
00123e38 00000004 b curQueue
00123e3c 00000004 b ndspRefCount
00123e40 00000048 b ndspMaster
00123e88 00000004 b ndspThread
00123e8c 00000001 b ndspThreadRun
00123e90 00001080 b dspVar5Backup
00124f10 00000004 b ndspMutex
00124f14 00000008 b sleepEvent
00124f1c 00000004 b dspSem
00124f20 00000004 b irqEvent
00124f24 00000008 b ndspHookCookie
00124f2c 00000001 b componentFree
00124f2e 00000002 b componentDataMask
00124f30 00000002 b componentProgMask
00124f34 00000004 b componentSize
00124f38 00000004 b componentBin
00124f3c 00000004 b frameCount
00124f40 00000004 b droppedFrames
00124f44 00000001 b bCancelReceived
00124f45 00000001 b bSleeping
00124f46 00000001 b bEnteringSleep
00124f47 00000001 b bDspReady
00124f48 00000080 B ndspVars
00124fc8 00000002 B ndspBufferId
00124fca 00000002 B ndspBufferCurId
00124fcc 00000002 B ndspFrameId
00124fd0 00000c60 b ndspChn
00125c30 00000001 b flagValue.0
00125c31 00000001 b flagInit.1
00125c34 00000004 b serviceName.6
00125c38 00000001 b aptChainloadFlags
00125c39 00000001 b aptChainloadMediatype
00125c3c 00000020 b aptChainloadHmac
00125c5c 00000300 b aptChainloadDeliverArg
00125f60 00000008 b aptChainloadTid
00125f68 00001000 b aptParameters
00126f68 00000004 b aptFlags
00126f6c 00000001 b aptHomeButtonState
00126f70 00000004 b aptMessageFuncData
00126f74 00000004 b aptMessageFunc
00126f78 0000000c b aptFirstHook
00126f84 00000001 b aptEventHandlerThreadQuit
00126f88 00000004 b aptEventHandlerThread
00126f8c 00000008 b aptSleepEvent
00126f94 00000008 b aptReceiveEvent
00126f9c 00000008 b aptEvents
00126fa4 00000004 b aptLockHandle
00126fa8 00000004 b aptRefCount
00126fac 00000004 b cfguRefCount
00126fb0 00000004 b cfguHandle
00126fb4 00000002 b dspSavedCompDataMask
00126fb6 00000002 b dspSavedCompProgMask
00126fb8 00000004 b dspSavedCompSize
00126fbc 00000004 b dspSavedCompBin
00126fc0 00000001 b dspSleeping
00126fc1 00000001 b dspComponentLoaded
00126fc4 00000008 b dspFirstHook
00126fcc 00000004 b dspRefCount
00126fd0 00000004 b dspHandle
00126fd8 00000080 b fsExemptArchives
00127058 00000004 b fsuRefCount
0012705c 00000004 b fsuHandle
00127060 00000007 b gspEventCbOneShot
00127068 0000001c b gspEventCbData
00127084 0000001c b gspEventCb
001270a0 00000038 b gspEvents
001270d8 00000004 b gspLastEvent
001270dc 00000001 b gspRunEvents
001270e0 00000004 b gspEventThread
001270e4 00000004 b gspEvent
001270e8 00000001 b gspGpuRight
001270e9 00000001 b gspThreadId
001270ec 00000004 b gspSharedMem
001270f0 00000004 b gspSharedMemHandle
001270f4 00000004 b gspRefCount
001270f8 00000004 b gspGpuHandle
001270fc 00000001 b usingIrrst
00127100 00000004 b hidRefCount
00127104 00000006 b gRate
0012710c 00000006 b aVec
00127114 00000004 b cPos
00127118 00000004 b tPos
0012711c 00000004 b kRepeat
00127120 00000004 b kUp
00127124 00000004 b kDown
00127128 00000004 b kHeld
0012712c 00000004 b kOld
00127130 00000004 B hidSharedMem
00127134 00000014 B hidEvents
00127148 00000004 B hidMemHandle
0012714c 00000004 B hidHandle
00127150 00000004 b irrstRefCount
00127154 00000004 b csPos
00127158 00000004 b kHeld
0012715c 00000004 B irrstSharedMem
00127160 00000004 B irrstEvent
00127164 00000004 B irrstMemHandle
00127168 00000004 B irrstHandle
0012716c 00000004 b ptmSysmRefCount
00127170 00000004 b ptmSysmHandle
00127174 00000004 V __ctru_linear_heap_size
00127178 00000004 V __ctru_heap_size
0012717c 00000004 B __ctru_linear_heap
00127180 00000004 B __ctru_heap
00127184 00000004 B __system_retAddr
00127188 00000004 B __system_argv
0012718c 00000004 B __system_argc
00127190 b saved_stack
00127198 00000004 B __3dslink_host
0012719c 00000004 b srvRefCount
001271a0 00000004 b srvHandle
001271a4 00000004 b arbiter
001271a8 00000004 b currentAddr
001271ac 00000004 b maxAddr
001271b0 00000004 b minAddr
001271b4 00000004 b srvPmHandle
001271b8 000005c0 b archive_devices
00127778 00000004 b archive_device_cwd
0012777c 00000001 b archive_initialized
00127780 00000028 B __malloc_current_mallinfo
001277a8 00000004 B __malloc_max_total_mem
001277ac 00000004 B __malloc_max_sbrked_mem
001277b0 00000004 B __malloc_top_pad
001277b4 0000000c b __sfp_recursive_mutex
001277c0 00000168 B __sf
00127928 00000004 B __stdio_exit_handler
0012792c 0000000c b __malloc_recursive_mutex
00127938 00000400 b temp_cwd
00127d38 00000004 b __hndl_lock
00127d3c 00000004 B fake_heap_start
00127d40 00000004 B fake_heap_end
00127d44 00000004 b heap_start.0
00127d48 B __tls_start
00128950 B __bss_end__
00128950 A __end__
00128950 B __tls_end
