         w __deregister_frame_info
         w __register_frame_info
         w userAppExit
         w userAppInit
00000000 00000802 B __ctru_dev_utf16_buf
00000000 a shift
00000000 a shift
00000000 A __sync_synchronize
00000000 b _TLS_MODULE_BASE_
00000804 00000401 B __ctru_dev_path_buf
00100000 A __start__
00100000 T _start
00100008 T __service_ptr
0010000c T __apt_appid
00100010 T __heap_size
00100014 T __linear_heap_size
00100018 T __system_arglist
0010001c T __system_runflags
00100020 t startup
00100058 t ClearMem
0010006c t ClrLoop
00100094 T _init
001000ac T __aeabi_idiv
001000ac 00000220 T __divsi3
001000b4 t .divsi3_skip_div0_test
001002cc 00000020 T __aeabi_idivmod
001002ec 00000004 W __aeabi_idiv0
001002ec 00000004 W __aeabi_ldiv0
001002f0 T __aeabi_uldivmod
00100348 00000390 T strcmp
001006d0 T __aeabi_uidiv
001006d0 000001ec T __udivsi3
001006d0 t .udivsi3_skip_div0_test
001008bc 00000020 T __aeabi_uidivmod
001008dc t __do_global_dtors_aux
0010092c t frame_dummy
00100958 000000a4 T main
001009fc 00000018 T consoleSelect
00100a14 000001c8 T consoleDrawChar
00100bdc 00000170 T consolePrintChar
00100d4c 00000cc8 T con_write
00101a14 000000fc t newRow
00101b10 00000180 T consoleInit
00101c90 000000cc t gfxPresentFramebuffer
00101d5c 0000001c T gfxIsWide
00101d78 000000f8 T gfxSetScreenFormat
00101e70 00000010 T gfxSetDoubleBuffering
00101e80 000000d8 T gfxInit
00101f58 00000010 T gfxInitDefault
00101f68 000000b8 T gfxExit
00102020 000000a0 T gfxGetFramebuffer
001020c0 00000100 T gfxFlushBuffers
001021c0 00000050 T gfxSwapBuffers
00102210 00000050 T gfxSwapBuffersGpu
00102260 00000180 t aptConvertScreenForCapture
001023e0 00000008 W aptDspSleep
001023e8 00000004 W aptDspWakeup
001023ec 00000004 W aptDspCancel
001023f0 00000138 T aptSendCommand
00102528 00000044 t aptExitProcess
0010256c 00000394 T aptExit
00102900 000000d8 T aptHandleSleep
001029d8 00000084 T APT_SleepIfShellClosed
00102a5c 00000078 T aptSetSleepAllowed
00102ad4 00000084 T APT_UnlockTransition
00102b58 00000470 t aptEventHandler
00102fc8 000000bc T APT_ReceiveParameter
00103084 000000b0 t aptReceiveParameter.constprop.0
00103138 00000294 t aptScreenTransfer
001033cc 000002d0 t aptWaitForWakeUp.isra.0
0010369c 000000f4 T aptJumpToHomeMenu
00103790 00000058 T aptMainLoop
001037e8 00000240 T aptInit
00103a28 00000090 T APT_CheckNew3DS
00103ab8 00000c70 t gspHardwareInit
00104728 00000288 T gspInit
001049b0 00000104 T gspExit
00104ab4 00000010 T gspHasGpuRight
00104ac4 000000a4 T gspPresentBuffer
00104b68 00000050 T gspWaitForEvent
00104bb8 00000004 W gxCmdQueueInterrupt
00104bbc 00000154 t gspEventThreadMain
00104d10 00000050 T GSPGPU_FlushDataCache
00104d60 00000034 T GSPGPU_SetLcdForceBlack
00104d94 00000084 T GSPGPU_AcquireRight
00104e18 00000064 T GSPGPU_ReleaseRight
00104e7c 0000007c T GSPGPU_ImportDisplayCaptureInfo
00104ef8 0000002c T GSPGPU_SaveVramSysArea
00104f24 0000002c T GSPGPU_RestoreVramSysArea
00104f50 00000024 W hidShouldUseIrrst
00104f74 000001cc T hidInit
00105140 000000e8 T hidExit
00105228 000002a0 T hidScanInput
001054c8 00000010 T hidKeysDown
001054d8 000001a4 T irrstInit
0010567c 000000dc T irrstExit
00105758 000000b4 T irrstScanInput
0010580c 00000024 T irrstKeysHeld
00105830 00000038 W __libctru_init
00105868 0000016c W __system_initArgv
001059d4 00000030 T __syscall_getreent
00105a04 00000004 T __syscall_lock_acquire
00105a08 00000004 T __syscall_lock_release
00105a0c 00000004 T __syscall_lock_acquire_recursive
00105a10 00000004 T __syscall_lock_release_recursive
00105a14 00000004 T __syscall_exit
00105a18 00000054 T initThreadVars
00105a6c 00000080 T __system_initSyscalls
00105aec T svcControlMemory
00105b0c T svcQueryMemory
00105b3c T svcExitProcess
00105b44 T svcCreateThread
00105b64 T svcExitThread
00105b6c T svcSleepThread
00105b74 T svcReleaseMutex
00105b7c T svcCreateEvent
00105b90 T svcSignalEvent
00105b98 T svcClearEvent
00105ba0 T svcMapMemoryBlock
00105ba8 T svcUnmapMemoryBlock
00105bb0 T svcCreateAddressArbiter
00105bc4 T svcArbitrateAddressNoTimeout
00105bcc T svcCloseHandle
00105bd4 T svcWaitSynchronization
00105bdc T svcWaitSynchronizationN
00105c04 T svcDuplicateHandle
00105c18 T svcConnectToPort
00105c2c T svcSendSyncRequest
00105c34 T svcGetResourceLimit
00105c48 T svcGetResourceLimitLimitValues
00105c50 T svcGetResourceLimitCurrentValues
00105c58 T svcBreak
00105c60 W initSystem
00105cb0 W __ctru_exit
00105cc4 00000024 t addrMapNodeComparator(rbtree_node const*, rbtree_node const*)
00105ce8 00000004 t addrMapNodeDestructor(rbtree_node*)
00105cec 0000012c T linearMemAlign
00105e18 00000008 T linearAlloc
00105e20 0000005c T linearFree
00105e7c 00000088 T MemPool::CoalesceRight(MemBlock*)
00105f04 00000178 T MemPool::Allocate(MemChunk&, unsigned long, int)
0010607c 00000118 T MemPool::Deallocate(MemChunk const&)
00106194 00000030 T MemPool::GetFreeSpace()
001061c4 00000024 t addrMapNodeComparator(rbtree_node const*, rbtree_node const*)
001061e8 00000004 t addrMapNodeDestructor(rbtree_node*)
001061ec 00000248 T vramMemAlignAt
00106434 0000000c T vramAlloc
00106440 00000094 T vramFree
001064d4 0000008c W envGetHandle
00106560 00000050 W envDestroyHandles
001065b0 00000034 T __ctru_speedup_config
001065e4 00000164 T srvInit
00106748 00000064 T srvExit
001067ac 00000060 T srvEnableNotification
0010680c 000000a0 T srvGetServiceHandleDirect
001068ac 00000048 T srvGetServiceHandle
001068f4 00000034 T srvSubscribe
00106928 00000060 T srvReceiveNotification
00106988 00000038 T srvPublishToSubscriber
001069c0 0000000c T __sync_init
001069cc 00000018 T __sync_fini
001069e4 00000028 T syncArbitrateAddress
00106a0c 000000ac T LightLock_Lock
00106ab8 00000040 T LightLock_Unlock
00106af8 00000054 T RecursiveLock_Lock
00106b4c 00000054 T RecursiveLock_Unlock
00106ba0 00000044 T LightEvent_Init
00106be4 000000b8 T LightEvent_Clear
00106c9c 000000dc T LightEvent_Signal
00106d78 00000050 T LightEvent_TryWait
00106dc8 000000ac T LightEvent_Wait
00106e74 000001fc T threadCreate
00107070 00000038 T threadFree
001070a8 00000024 T threadJoin
001070cc 00000030 T threadGetCurrent
001070fc 00000040 T threadExit
0010713c 00000020 t _thread_begin
0010715c 00000090 t mappableFindAddressWithin
001071ec 00000028 T mappableInit
00107214 0000007c T mappableAlloc
00107290 00000004 T mappableFree
00107294 00000078 T ptmSysmInit
0010730c 0000003c T ptmSysmExit
00107348 00000034 T PTMSYSM_ConfigureNew3DSCPU
0010737c 0000000c T srvPmGetSessionHandle
00107388 00000074 T rbtree_find
001073fc 00000010 T rbtree_init
0010740c 00000198 t do_insert
001075a4 00000008 T rbtree_insert
001075ac 00000310 T rbtree_remove
001078bc 00000090 T rbtree_rotate
00107950 000001e8 W __system_allocateHeaps
00107b38 00000030 W __appExit
00107b68 00000030 W __appInit
00107b98 00000090 W __libctru_exit
00107c28 00000024 t error_cmp
00107c4c 00000050 t archive_translate_error
00107c9c 000000c0 t archive_seek
00107d5c 00000078 t _archiveInit.part.0
00107dd4 00000110 t archiveFindDevice.part.0
00107ee4 00000298 t archive_utf16path
0010817c 00000098 t _archiveUnmountDeviceStruct.part.0
00108214 00000178 t _archiveMountDevice
0010838c 000000f8 t archive_diropen
00108484 000000ac t archive_fstat
00108530 00000074 t archive_fsync
001085a4 00000074 t archive_close
00108618 00000078 t archive_dirclose
00108690 000000ec t sdmc_statvfs
0010877c 000000f8 t archive_chdir
00108874 0000008c t archive_ftruncate
00108900 000000bc t archive_read
001089bc 000000a8 t archive_unlink
00108a64 000000c0 t archive_rmdir
00108b24 000000d8 t archive_mkdir
00108bfc 000001a0 t archive_stat
00108d9c 00000164 t archive_dirnext
00108f00 0000013c t archive_write
00109040 00000254 t archive_open
00109294 00000270 t archive_rename
00109504 000001c8 T archiveMountSdmc
001096cc 00000054 T archiveUnmountAll
00109720 00000104 T fsInit
00109824 0000003c T fsExit
00109860 00000068 T fsExemptFromSession
001098c8 00000050 T fsUnexemptFromSession
00109918 000000cc T FSUSER_OpenFile
001099e4 000000b8 T FSUSER_DeleteFile
00109a9c 000000f4 T FSUSER_RenameFile
00109b90 000000b8 T FSUSER_DeleteDirectory
00109c48 000000d0 T FSUSER_CreateFile
00109d18 000000c0 T FSUSER_CreateDirectory
00109dd8 000000f4 T FSUSER_RenameDirectory
00109ecc 000000b4 T FSUSER_OpenDirectory
00109f80 00000090 T FSUSER_OpenArchive
0010a010 0000008c T FSUSER_CloseArchive
0010a09c 00000074 T FSUSER_GetSdmcArchiveResource
0010a110 00000064 T FSUSER_IsSdmcWritable
0010a174 00000064 T FSFILE_Read
0010a1d8 0000006c T FSFILE_Write
0010a244 00000044 T FSFILE_GetSize
0010a288 00000028 T FSFILE_SetSize
0010a2b0 0000003c T FSFILE_Close
0010a2ec 00000024 T FSFILE_Flush
0010a310 00000060 T FSDIR_Read
0010a370 0000003c T FSDIR_Close
0010a3ac 00000060 T rbtree_node_next
0010a40c 00000140 T decode_utf8
0010a54c 000000e8 T utf16_to_utf8
0010a634 000000c0 T utf8_to_utf16
0010a6f4 T __aeabi_read_tp
0010a700 00000054 T decode_utf16
0010a754 00000054 T encode_utf16
0010a7a8 000000e0 T encode_utf8
0010a888 00000130 T __udivmoddi4
0010a9b8 000000e4 T strncat
0010aa9c 00000128 T memcpy
0010abc4 0000008c T strlen
0010ac50 00000078 T bsearch
0010acc8 00000028 T memalign
0010acf0 00000034 T printf
0010ad24 000001ec t _strtoul_l.isra.0
0010af10 0000003c T strtoul
0010af4c 0000016c T _memalign_r
0010b0b8 0000000c T __errno
0010b0c4 000000e4 T memset
0010b1a8 0000022c T __sflush_r
0010b3d4 000000c4 T _fflush_r
0010b498 0000082c T _malloc_r
0010bcc4 00000114 T _malloc_trim_r
0010bdd8 00000314 T _free_r
0010c0ec 00000294 T setvbuf
0010c380 0000001c t stdio_exit_handler
0010c39c 0000005c t cleanup_stdio
0010c3f8 00000154 t global_stdio_init.part.0
0010c54c 0000005c T __sinit
0010c5a8 0000000c T __sfp_lock_acquire
0010c5b4 0000000c T __sfp_lock_release
0010c5c0 00000084 T __libc_init_array
0010c644 000000d4 T strncpy
0010c718 00000040 T malloc
0010c758 00000020 T free
0010c778 000000e0 T _puts_r
0010c858 00000020 T puts
0010c878 00000044 T __sread
0010c8bc 00000068 T __swrite
0010c924 00000040 T __sseek
0010c964 00000008 T __sclose
0010c96c 0000000c T __malloc_lock
0010c978 0000000c T __malloc_unlock
0010c984 00000148 T _fclose_r
0010cacc 00000004 W __call_exitprocs
0010cad0 00000030 T exit
0010cb00 0000003c T __libc_fini_array
0010cb3c 0000003c T strnlen
0010cb78 000000d8 T strncmp
0010cc50 00000070 T _fwalk_sglue
0010ccc0 000005e0 t get_arg
0010d2a0 00003554 T _vfprintf_r
001107f4 000000b4 t __sbprintf
001108a8 000000a0 T _wcrtomb_r
00110948 000004a4 T __sfvwrite_r
00110dec 00000164 T __smakebuf_r
00110f50 00000090 T __swhatbuf_r
00110fe0 00000024 T __locale_mb_cur_max
00111004 00000030 T __sprint_r
00111034 000001c0 t quorem
001111f8 00001420 T _dtoa_r
00112618 000000e8 T memchr
00112700 00000028 T _wcsrtombs_r
00112728 00000140 T __swsetup_r
00112868 00000024 T _localeconv_r
0011288c 000001a8 T memmove
00112a34 000004f0 T _realloc_r
00112f24 000000f8 T __utf8_wctomb
0011301c 0000015c T _wcsnrtombs_l
00113178 00000064 T _wcsnrtombs_r
001131e0 00000088 T frexp
00113268 0000005c T __assert_func
001132c4 00000088 T _Balloc
0011334c 0000001c T _Bfree
00113368 000000f4 T __multadd
0011345c 00000080 T __hi0bits
001134dc 000000f0 T __lo0bits
001135cc 000000a4 T __i2b
00113670 00000230 T __multiply
001138a0 00000130 T __pow5mult
001139d0 00000138 T __lshift
00113b08 00000058 T __mcmp
00113b60 00000218 T __mdiff
00113d78 00000120 T __d2b
00113e98 00000340 T __utf8_mbtowc
001141d8 0000003c T fiprintf
00114214 00000140 T strchr
00114354 00000014 T abort
00114368 000000d8 T _calloc_r
00114440 000005e0 t get_arg
00114a20 000022f8 T _vfiprintf_r
00116d18 000000b4 t __sbprintf
00116dcc 0000009c T _raise_r
00116e68 00000020 T raise
00116e88 00000020 T _exit
00116ea8 00000140 T chdir
00116fe8 000001c8 T _concatenate_path
001171b0 0000009c T _fstat_r
0011724c 00000014 T _getpid_r
00117260 0000002c T __getreent
0011728c 00000058 T __get_handle
001172e4 00000110 T _close_r
001173f4 00000008 t null_write
001173fc 00000018 T setDefaultDevice
00117414 00000098 T FindDevice
001174ac 00000024 T RemoveDevice
001174d0 00000088 T AddDevice
00117558 00000020 T GetDeviceOpTab
00117578 00000008 T _isatty_r
00117580 00000014 T _kill_r
00117594 00000094 T _lseek_r
00117628 00000094 T _read_r
001176bc 00000078 W _sbrk_r
00117734 0000001c T __libc_lock_acquire
00117750 0000001c T __libc_lock_release
0011776c 0000001c T __libc_lock_acquire_recursive
00117788 0000001c T __libc_lock_release_recursive
001177a4 00000094 T _write_r
00117838 00000048 T strrchr
00117880 T _fini
001181b0 r .LC2
00118534 00000080 r dotab_stdout
001185b4 00000018 r grayScale
001185cc 00000006 r colorCube
001185d4 00000030 r colorTable
00118620 00000008 r morton_y.2
00118628 00000008 r morton_x.3
00118630 00000008 r s_sleepWakeEvents.4
00118638 0000000c r serviceNameTable.5
00118644 R default_font_bin
00118e44 R default_font_bin_end
00118e44 00000030 r error_table
00118e74 00000080 r archive_devoptab
00118ef4 00000101 R _ctype_
0011911c 00000010 r zeroes.0
0011912c 00000010 r blanks.1
0011913c 0000006c R __action_table
001191a8 0000006c R __state_table
00119214 00000100 R __chclass
0011931c 0000000c r p05.0
00119328 00000028 R __mprec_bigtens
00119350 000000c8 R __mprec_tens
00119504 00000010 r zeroes.0
00119514 00000010 r blanks.1
00119524 00000080 R dotab_stdnull
001195a4 R __tdata_align
001195a8 r __EH_FRAME_BEGIN__
001195a8 R __exidx_end
001195a8 R __exidx_start
0011a000 00000001 d firstConsoleInit.0
0011a004 00000004 D currentConsole
0011a008 00000048 D defaultConsole
0011a050 00000004 d aptChainloadDeliverArgSize
0011a054 00000004 d kCount
0011a058 00000004 d kInterval
0011a05c 00000004 d kDelay
0011a060 W __stacksize__
0011a064 00000004 D _impure_ptr
0011a068 00000200 D _impure_data
0011a268 00000004 D __malloc_sbrk_base
0011a26c 00000004 D __malloc_trim_threshold
0011a270 00000408 D __malloc_av_
0011a678 0000000c D __sglue
0011a684 00000254 D __global_locale
0011a8d8 00000400 d _current_working_directory
0011acd8 00001000 d handles
0011bcd8 0000000c d __stderr_handle
0011bce4 0000000c d __stdout_handle
0011bcf0 0000000c d __stdin_handle
0011bcfc 0000008c D devoptab_list
0011bd88 00000004 d defaultDevice
0011bd94 d _GLOBAL_OFFSET_TABLE_
0011bda0 d __frame_dummy_init_array_entry
0011bda0 D __init_array_start
0011bda0 B __preinit_array_end
0011bda0 B __preinit_array_start
0011bda0 D __tdata_lma
0011bda0 D __tdata_lma_end
0011bda4 d __do_global_dtors_aux_fini_array_entry
0011bda4 D __fini_array_start
0011bda4 D __init_array_end
0011bda8 D __bss_start__
0011bda8 b completed.1
0011bda8 D __fini_array_end
0011bdac b object.0
0011bdc4 00000064 b escapeSeq
0011be28 00000048 B currentCopy
0011be70 00000004 b screenAlloc
0011be74 00000004 b screenFree
0011be78 00000002 b gfxIsDoubleBuf
0011be7c 00000002 b gfxCurBuf
0011be7e 00000001 b gfxIsVram
0011be7f 00000001 b gfxTopMode
0011be80 00000002 b gfxFramebufferFormats
0011be84 00000004 b gfxBottomFramebufferMaxSize
0011be88 00000004 b gfxTopFramebufferMaxSize
0011be90 00000008 b gfxBottomFramebuffers
0011be98 00000008 b gfxTopFramebuffers
0011bea0 00000001 b flagValue.0
0011bea1 00000001 b flagInit.1
0011bea4 00000004 b serviceName.6
0011bea8 00000001 b aptChainloadFlags
0011bea9 00000001 b aptChainloadMediatype
0011beac 00000020 b aptChainloadHmac
0011becc 00000300 b aptChainloadDeliverArg
0011c1d0 00000008 b aptChainloadTid
0011c1d8 00001000 b aptParameters
0011d1d8 00000004 b aptFlags
0011d1dc 00000001 b aptHomeButtonState
0011d1e0 00000004 b aptMessageFuncData
0011d1e4 00000004 b aptMessageFunc
0011d1e8 0000000c b aptFirstHook
0011d1f4 00000001 b aptEventHandlerThreadQuit
0011d1f8 00000004 b aptEventHandlerThread
0011d1fc 00000008 b aptSleepEvent
0011d204 00000008 b aptReceiveEvent
0011d20c 00000008 b aptEvents
0011d214 00000004 b aptLockHandle
0011d218 00000004 b aptRefCount
0011d21c 00000007 b gspEventCbOneShot
0011d224 0000001c b gspEventCbData
0011d240 0000001c b gspEventCb
0011d25c 00000038 b gspEvents
0011d294 00000004 b gspLastEvent
0011d298 00000001 b gspRunEvents
0011d29c 00000004 b gspEventThread
0011d2a0 00000004 b gspEvent
0011d2a4 00000001 b gspGpuRight
0011d2a5 00000001 b gspThreadId
0011d2a8 00000004 b gspSharedMem
0011d2ac 00000004 b gspSharedMemHandle
0011d2b0 00000004 b gspRefCount
0011d2b4 00000004 b gspGpuHandle
0011d2b8 00000001 b usingIrrst
0011d2bc 00000004 b hidRefCount
0011d2c0 00000006 b gRate
0011d2c8 00000006 b aVec
0011d2d0 00000004 b cPos
0011d2d4 00000004 b tPos
0011d2d8 00000004 b kRepeat
0011d2dc 00000004 b kUp
0011d2e0 00000004 b kDown
0011d2e4 00000004 b kHeld
0011d2e8 00000004 b kOld
0011d2ec 00000004 B hidSharedMem
0011d2f0 00000014 B hidEvents
0011d304 00000004 B hidMemHandle
0011d308 00000004 B hidHandle
0011d30c 00000004 b irrstRefCount
0011d310 00000004 b csPos
0011d314 00000004 b kHeld
0011d318 00000004 B irrstSharedMem
0011d31c 00000004 B irrstEvent
0011d320 00000004 B irrstMemHandle
0011d324 00000004 B irrstHandle
0011d328 00000004 B __system_retAddr
0011d32c 00000004 B __system_argv
0011d330 00000004 B __system_argc
0011d334 b saved_stack
0011d340 00000008 b sLinearPool
0011d348 0000000c b sAddrMap
0011d358 00000008 b sVramPoolB
0011d360 00000008 b sVramPoolA
0011d368 0000000c b sAddrMap
0011d374 00000004 B __3dslink_host
0011d378 00000001 V __ctru_speedup
0011d37c 00000004 b srvRefCount
0011d380 00000004 b srvHandle
0011d384 00000004 b arbiter
0011d388 00000004 b currentAddr
0011d38c 00000004 b maxAddr
0011d390 00000004 b minAddr
0011d394 00000004 b ptmSysmRefCount
0011d398 00000004 b ptmSysmHandle
0011d39c 00000004 b srvPmHandle
0011d3a0 00000004 V __ctru_linear_heap_size
0011d3a4 00000004 V __ctru_heap_size
0011d3a8 00000004 B __ctru_linear_heap
0011d3ac 00000004 B __ctru_heap
0011d3b0 000005c0 b archive_devices
0011d970 00000004 b archive_device_cwd
0011d974 00000001 b archive_initialized
0011d978 00000080 b fsExemptArchives
0011d9f8 00000004 b fsuRefCount
0011d9fc 00000004 b fsuHandle
0011da00 00000028 B __malloc_current_mallinfo
0011da28 00000004 B __malloc_max_total_mem
0011da2c 00000004 B __malloc_max_sbrked_mem
0011da30 00000004 B __malloc_top_pad
0011da34 0000000c b __sfp_recursive_mutex
0011da40 00000168 B __sf
0011dba8 00000004 B __stdio_exit_handler
0011dbac 0000000c b __malloc_recursive_mutex
0011dbb8 00000400 b temp_cwd
0011dfb8 00000004 b __hndl_lock
0011dfbc 00000004 B fake_heap_start
0011dfc0 00000004 B fake_heap_end
0011dfc4 00000004 b heap_start.0
0011dfc8 B __tls_start
0011ebd0 B __bss_end__
0011ebd0 A __end__
0011ebd0 B __tls_end
